C51 COMPILER V9.00   超_波                                                                05/14/2015 16:21:47 PAGE 1   


C51 COMPILER V9.00, COMPILATION OF MODULE 超_波
OBJECT MODULE PLACED IN 超声波.OBJ
COMPILER INVOKED BY: E:\Keil\C51\BIN\C51.EXE 超声波.c BROWSE DEBUG OBJECTEXTEND

line level    source

   1          #include<reg51.h>
   2          #include<intrins.h>
   3          sbit bit11=P2^0;  //温湿度传感器数据传输
   4          sbit Tx0=P3^1;//前向超声波产生脉冲引脚，延时 20us
   5          sbit Rx0=P3^3;//回波引脚，进入外部中断 1
   6          sbit Tx1=P3^4;//后向超声波产生脉冲引脚，延时 20us
   7          sbit Rx1=P3^5;//回波引脚，进入外部中断 1
   8          bit b;                    //超声波定时器计数标志位
   9          long Th0,Tl0;     //定时器0计数数值
  10          unsigned long time0=0,time2=0; //定时器0计数数值之和
  11          unsigned int Del20us=0;//延时变量，在超声波脉冲引脚中产生 20us 的方波
  12          unsigned int M0=0,M1=0;//超声波测试距离
  13          unsigned char U8T_data_H,U8T_data_L,U8RH_data_H,U8RH_data_L,U8checkdata;//温湿度传感器接收数据
  14          
  15          void DelayMs(unsigned int x)   //延时函数，0.14ms误差 0us
  16          {
  17   1              unsigned char i;
  18   1              while(x--)
  19   1              {
  20   2                      for (i = 0; i<13; i++)
  21   2                      {}
  22   2              }
  23   1      }
  24          void Delay_us(unsigned char n) //N us 延时函数精度±4us
  25          {
  26   1        n=n/2;
  27   1        while(--n);
  28   1      }
  29          void Measure0() //前向测距
  30                  {
  31   1                      b=1;                             //初始化中断溢出值
  32   1                      TR0=0;                          //关定时器 0
  33   1                      TH0=0;                          //赋定时器初始值高 8 位为 0
  34   1                      TL0=0;                          //赋定时器初始值低 8 位为 0
  35   1                      Tx0=1;                          //拉高超声波脉冲引脚电位
  36   1                      for(Del20us=20;Del20us>0;Del20us--);            //延时 20us
  37   1                      Tx0=0;                                  //拉低超声波脉冲引脚电位，使之产生 20us 的方波信号，使超声波模块开始工作。
  38   1                      while(Rx0==0);                                  //等待回波引脚变 1接受脉冲；
  39   1                      TR0=1;                          //开定时器0，开始计数
  40   1                      while(Rx0==1);                                  //等待回波引脚变 0接受脉冲；
  41   1                              Th0=TH0;                                        //读取时间
  42   1                              Tl0=TL0;                                   
  43   1                              while(!b);                                //等待中断溢出
  44   1                              time0=Th0*256+Tl0; 
  45   1                              M0=(17*time0)/1100;             //测量的结果单位为 cm
  46   1              }
  47          
  48          void Measure1() //后向测距
  49                  {
  50   1                      b=1;                             //初始化中断溢出值
  51   1                      TR0=0;                          //关定时器 0
  52   1                      TH0=0;                          //赋定时器初始值高 8 位为 0
  53   1                      TL0=0;                          //赋定时器初始值低 8 位为 0
  54   1                      Tx1=1;                          //拉高超声波脉冲引脚电位
  55   1                      for(Del20us=20;Del20us>0;Del20us--);            //延时 20us
C51 COMPILER V9.00   超_波                                                                05/14/2015 16:21:47 PAGE 2   

  56   1                      Tx1=0;                                  //拉低超声波脉冲引脚电位，使之产生 20us 的方波信号，使超声波模块开始工作。
  57   1                      while(Rx1==0);                                  //等待回波引脚变 1接受脉冲；
  58   1                      TR1=1;                          //开定时器0，开始计数
  59   1                      while(Rx1==1);                                  //等待回波引脚变 0接受脉冲；
  60   1                              Th0=TH0;                                        //读取时间
  61   1                              Tl0=TL0;                                   
  62   1                              while(!b);                                //等待中断溢出
  63   1                              time2=Th0*256+Tl0; 
  64   1                              M1=(17*time2)/1100;             //测量的结果单位为 cm
  65   1      }
  66          
  67          unsigned char COM(void)  //用于读取8位温湿度数据
  68          {
  69   1        unsigned char i,U8temp,U8comdata;
  70   1        for(i=0;i<8;i++)
  71   1        {
  72   2         while(!bit11); //表示读取的高电位延时大于20 多us 则读取的是1 否则读取的是0
  73   2         Delay_us(35); //通过U8FLAG 可判断bit11 显示数据的脉长
  74   2         U8temp=0;
  75   2         if(bit11)U8temp=1;
  76   2         while(bit11);
  77   2         U8comdata<<=1;
  78   2         U8comdata|=U8temp; //0
  79   2         }//rof
  80   1         return U8comdata;
  81   1      }
  82          
  83          void getDHT11(void)        //最终读取的温湿度数据
  84          {
  85   1      GO1: bit11=0;
  86   1           DelayMs(180);      //主机拉低18ms
  87   1           bit11=1;
  88   1           Delay_us(60); //总线由上拉电阻拉高主机延时20us
  89   1      //主机设为输入判断从机响应信号
  90   1      // bit11=1;
  91   1      //判断从机是否有低电平响应信号如不响应则跳出，响应则向下运行
  92   1           if(!bit11) //T !
  93   1           {
  94   2           while(!bit11); //wait DHT goto high
  95   2           while(bit11);//数据接收状态
  96   2           U8RH_data_H=COM(); //8bit湿度整数数据
  97   2           U8RH_data_L=COM(); //8bit湿度小数数据
  98   2           U8T_data_H=COM();  //8bit温度整数数据
  99   2           U8T_data_L=COM();  //8bit温度小数数据
 100   2           U8checkdata=COM(); //8bit数据校验和
 101   2           bit11=1;
 102   2           if((U8T_data_H+U8T_data_L+U8RH_data_H+U8RH_data_L)!=U8checkdata)     //数据校验
 103   2           goto GO1;//若出错则重新读取数据
 104   2           }
 105   1      }
 106          
 107          
 108          void INIT_timer0()//初始化定时器0
 109          {
 110   1              TMOD=0x01;//定时器工作方式 1：16 位，初值不能重装
 111   1              Th0=0;//初始化变量值
 112   1              Tl0=0;//初始化变量值
 113   1              EA=1;//开总中断
 114   1              ET0=1;//开定时器 0 中断
 115   1      }
 116                                                                                   
 117           void main()
C51 COMPILER V9.00   超_波                                                                05/14/2015 16:21:47 PAGE 3   

 118          {
 119   1              INIT_timer0();
 120   1              while(1)
 121   1              {   Measure0(); 
 122   2                      Measure1();
 123   2                      getDHT11();
 124   2                      
 125   2                      }
 126   1      }
 127          void T0_time() interrupt 1       //       定时器0中断，超声波检测
 128          {
 129   1                b=1;
 130   1      }


MODULE INFORMATION:   STATIC OVERLAYABLE
   CODE SIZE        =    461    ----
   CONSTANT SIZE    =   ----    ----
   XDATA SIZE       =   ----    ----
   PDATA SIZE       =   ----    ----
   DATA SIZE        =     27    ----
   IDATA SIZE       =   ----    ----
   BIT SIZE         =      1    ----
END OF MODULE INFORMATION.


C51 COMPILATION COMPLETE.  0 WARNING(S),  0 ERROR(S)
